<?xml version="1.0" encoding="UTF-8"?>
<testng-results skipped="0" failed="1" total="1" passed="0">
  <reporter-output>
  </reporter-output>
  <suite name="Default suite" duration-ms="29" started-at="2015-10-14T12:50:45Z" finished-at="2015-10-14T12:50:45Z">
    <groups>
    </groups>
    <test name="Default test" duration-ms="29" started-at="2015-10-14T12:50:45Z" finished-at="2015-10-14T12:50:45Z">
      <class name="ejb.SensorEJBTest">
        <test-method status="FAIL" signature="findSensorByName()[pri:0, instance:ejb.SensorEJBTest@6522d847]" name="findSensorByName" duration-ms="14" started-at="2015-10-14T14:50:45Z" finished-at="2015-10-14T14:50:45Z">
          <exception class="javax.ejb.EJBException">
            <message>
              <![CDATA[Unable to instantiate container with factories []]]>
            </message>
            <full-stacktrace>
              <![CDATA[javax.ejb.EJBException: Unable to instantiate container with factories []
	at javax.ejb.embeddable.EJBContainer.createEJBContainer(EJBContainer.java:81)
	at javax.ejb.embeddable.EJBContainer.createEJBContainer(EJBContainer.java:59)
	at ejb.SensorEJBTest.findSensorByName(SensorEJBTest.java:16)
	at sun.reflect.NativeMethodAccessorImpl.invoke0(Native Method)
	at sun.reflect.NativeMethodAccessorImpl.invoke(NativeMethodAccessorImpl.java:57)
	at sun.reflect.DelegatingMethodAccessorImpl.invoke(DelegatingMethodAccessorImpl.java:43)
	at java.lang.reflect.Method.invoke(Method.java:606)
	at org.testng.internal.MethodInvocationHelper.invokeMethod(MethodInvocationHelper.java:84)
	at org.testng.internal.Invoker.invokeMethod(Invoker.java:714)
	at org.testng.internal.Invoker.invokeTestMethod(Invoker.java:901)
	at org.testng.internal.Invoker.invokeTestMethods(Invoker.java:1231)
	at org.testng.internal.TestMethodWorker.invokeTestMethods(TestMethodWorker.java:127)
	at org.testng.internal.TestMethodWorker.run(TestMethodWorker.java:111)
	at org.testng.TestRunner.privateRun(TestRunner.java:767)
	at org.testng.TestRunner.run(TestRunner.java:617)
	at org.testng.SuiteRunner.runTest(SuiteRunner.java:334)
	at org.testng.SuiteRunner.runSequentially(SuiteRunner.java:329)
	at org.testng.SuiteRunner.privateRun(SuiteRunner.java:291)
	at org.testng.SuiteRunner.run(SuiteRunner.java:240)
	at org.testng.SuiteRunnerWorker.runSuite(SuiteRunnerWorker.java:52)
	at org.testng.SuiteRunnerWorker.run(SuiteRunnerWorker.java:86)
	at org.testng.TestNG.runSuitesSequentially(TestNG.java:1224)
	at org.testng.TestNG.runSuitesLocally(TestNG.java:1149)
	at org.testng.TestNG.run(TestNG.java:1057)
	at org.testng.remote.RemoteTestNG.run(RemoteTestNG.java:111)
	at org.testng.remote.RemoteTestNG.initAndRun(RemoteTestNG.java:204)
	at org.testng.remote.RemoteTestNG.main(RemoteTestNG.java:175)
]]>
            </full-stacktrace>
          </exception> <!-- javax.ejb.EJBException -->
          <reporter-output>
          </reporter-output>
        </test-method> <!-- findSensorByName -->
      </class> <!-- ejb.SensorEJBTest -->
    </test> <!-- Default test -->
  </suite> <!-- Default suite -->
</testng-results>
